#
# There is insufficient memory for the Java Runtime Environment to continue.
# Native memory allocation (malloc) failed to allocate 1344416 bytes for Chunk::new
# Possible reasons:
#   The system is out of physical RAM or swap space
#   In 32 bit mode, the process size limit was hit
# Possible solutions:
#   Reduce memory load on the system
#   Increase physical memory or swap space
#   Check if swap backing store is full
#   Use 64 bit Java on a 64 bit OS
#   Decrease Java heap size (-Xmx/-Xms)
#   Decrease number of Java threads
#   Decrease Java thread stack sizes (-Xss)
#   Set larger code cache with -XX:ReservedCodeCacheSize=
# This output file may be truncated or incomplete.
#
#  Out of Memory Error (allocation.cpp:390), pid=3420, tid=5940
#
# JRE version: Java(TM) SE Runtime Environment (8.0_66-b17) (build 1.8.0_66-b17)
# Java VM: Java HotSpot(TM) 64-Bit Server VM (25.66-b17 mixed mode windows-amd64 compressed oops)
# Failed to write core dump. Minidumps are not enabled by default on client versions of Windows
#

---------------  T H R E A D  ---------------

Current thread (0x000000001c0fe000):  JavaThread "C2 CompilerThread1" daemon [_thread_in_native, id=5940, stack(0x000000001e110000,0x000000001e210000)]

Stack: [0x000000001e110000,0x000000001e210000]
[error occurred during error reporting (printing stack bounds), id 0xc0000005]

Native frames: (J=compiled Java code, j=interpreted, Vv=VM code, C=native code)


Current CompileTask:
C2: 718748 6488       4       org.springframework.boot.devtools.filewatch.FolderSnapshot::collectFiles (99 bytes)


---------------  P R O C E S S  ---------------

Java Threads: ( => current thread )
  0x0000000025f85000 JavaThread "DestroyJavaVM" [_thread_blocked, id=2072, stack(0x0000000002900000,0x0000000002a00000)]
  0x0000000025f89800 JavaThread "http-nio-7003-AsyncTimeout" daemon [_thread_blocked, id=6976, stack(0x000000002e9b0000,0x000000002eab0000)]
  0x0000000025f8a800 JavaThread "http-nio-7003-Acceptor-0" daemon [_thread_in_native, id=20752, stack(0x000000002e8b0000,0x000000002e9b0000)]
  0x0000000025f88000 JavaThread "http-nio-7003-ClientPoller-1" daemon [_thread_in_native, id=21012, stack(0x000000002e7b0000,0x000000002e8b0000)]
  0x000000001e982800 JavaThread "http-nio-7003-ClientPoller-0" daemon [_thread_in_native, id=11792, stack(0x000000002e6b0000,0x000000002e7b0000)]
  0x000000001e986800 JavaThread "http-nio-7003-exec-10" daemon [_thread_blocked, id=20848, stack(0x000000002e5b0000,0x000000002e6b0000)]
  0x000000001e985800 JavaThread "http-nio-7003-exec-9" daemon [_thread_blocked, id=228, stack(0x000000002e4b0000,0x000000002e5b0000)]
  0x000000001e982000 JavaThread "http-nio-7003-exec-8" daemon [_thread_blocked, id=8644, stack(0x000000002e3b0000,0x000000002e4b0000)]
  0x000000001e985000 JavaThread "http-nio-7003-exec-7" daemon [_thread_blocked, id=2432, stack(0x000000002e2b0000,0x000000002e3b0000)]
  0x000000001e984000 JavaThread "http-nio-7003-exec-6" daemon [_thread_blocked, id=19028, stack(0x000000002e1b0000,0x000000002e2b0000)]
  0x000000001e981000 JavaThread "http-nio-7003-exec-5" daemon [_thread_blocked, id=12852, stack(0x000000002e0b0000,0x000000002e1b0000)]
  0x000000001e97f800 JavaThread "http-nio-7003-exec-4" daemon [_thread_blocked, id=4772, stack(0x000000002dfb0000,0x000000002e0b0000)]
  0x000000001e980800 JavaThread "http-nio-7003-exec-3" daemon [_thread_blocked, id=14348, stack(0x000000002deb0000,0x000000002dfb0000)]
  0x000000001e983800 JavaThread "http-nio-7003-exec-2" daemon [_thread_blocked, id=8748, stack(0x000000002ddb0000,0x000000002deb0000)]
  0x000000001f671800 JavaThread "http-nio-7003-exec-1" daemon [_thread_blocked, id=15552, stack(0x000000002dcb0000,0x000000002ddb0000)]
  0x000000001f670800 JavaThread "NioBlockingSelector.BlockPoller-1" daemon [_thread_in_native, id=13008, stack(0x000000002dbb0000,0x000000002dcb0000)]
  0x00000000279a0800 JavaThread "Eureka-CacheFillTimer" daemon [_thread_blocked, id=9356, stack(0x000000002d9b0000,0x000000002dab0000)]
  0x000000002799f800 JavaThread "Eureka-PeerNodesUpdater" daemon [_thread_blocked, id=9028, stack(0x000000002d8b0000,0x000000002d9b0000)]
  0x000000002799f000 JavaThread "TaskNonBatchingWorker-eureka7002.com-0" daemon [_thread_blocked, id=19776, stack(0x000000002d7b0000,0x000000002d8b0000)]
  0x000000002799e000 JavaThread "TaskAcceptor-eureka7002.com" daemon [_thread_blocked, id=16684, stack(0x000000002d6b0000,0x000000002d7b0000)]
  0x000000002799d800 JavaThread "TaskBatchingWorker-target_eureka7002.com-19" daemon [_thread_blocked, id=20936, stack(0x000000002d5b0000,0x000000002d6b0000)]
  0x000000002799c800 JavaThread "TaskBatchingWorker-target_eureka7002.com-18" daemon [_thread_blocked, id=14788, stack(0x000000002d4b0000,0x000000002d5b0000)]
  0x00000000279a2000 JavaThread "TaskBatchingWorker-target_eureka7002.com-17" daemon [_thread_blocked, id=17264, stack(0x000000002d3b0000,0x000000002d4b0000)]
  0x000000002799c000 JavaThread "TaskBatchingWorker-target_eureka7002.com-16" daemon [_thread_blocked, id=3220, stack(0x000000002d2b0000,0x000000002d3b0000)]
  0x00000000279a1000 JavaThread "TaskBatchingWorker-target_eureka7002.com-15" daemon [_thread_blocked, id=10760, stack(0x000000002d1b0000,0x000000002d2b0000)]
  0x00000000279a2800 JavaThread "TaskBatchingWorker-target_eureka7002.com-14" daemon [_thread_blocked, id=14496, stack(0x000000002d0b0000,0x000000002d1b0000)]
  0x00000000205bc000 JavaThread "TaskBatchingWorker-target_eureka7002.com-13" daemon [_thread_blocked, id=7912, stack(0x000000002cfb0000,0x000000002d0b0000)]
  0x00000000205ba800 JavaThread "TaskBatchingWorker-target_eureka7002.com-12" daemon [_thread_blocked, id=20828, stack(0x000000002ceb0000,0x000000002cfb0000)]
  0x00000000205bb000 JavaThread "TaskBatchingWorker-target_eureka7002.com-11" daemon [_thread_blocked, id=18852, stack(0x000000002cdb0000,0x000000002ceb0000)]
  0x00000000205b9800 JavaThread "TaskBatchingWorker-target_eureka7002.com-10" daemon [_thread_blocked, id=7388, stack(0x000000002ccb0000,0x000000002cdb0000)]
  0x00000000205b9000 JavaThread "TaskBatchingWorker-target_eureka7002.com-9" daemon [_thread_blocked, id=21160, stack(0x000000002cbb0000,0x000000002ccb0000)]
  0x00000000205b8000 JavaThread "TaskBatchingWorker-target_eureka7002.com-8" daemon [_thread_blocked, id=8640, stack(0x000000002cab0000,0x000000002cbb0000)]
  0x00000000205b0800 JavaThread "TaskBatchingWorker-target_eureka7002.com-7" daemon [_thread_blocked, id=8052, stack(0x000000002c9b0000,0x000000002cab0000)]
  0x00000000205b7800 JavaThread "TaskBatchingWorker-target_eureka7002.com-6" daemon [_thread_blocked, id=10132, stack(0x000000002c8b0000,0x000000002c9b0000)]
  0x00000000205b6800 JavaThread "TaskBatchingWorker-target_eureka7002.com-5" daemon [_thread_blocked, id=11516, stack(0x000000002c7b0000,0x000000002c8b0000)]
  0x00000000205af000 JavaThread "TaskBatchingWorker-target_eureka7002.com-4" daemon [_thread_blocked, id=12944, stack(0x000000002c6b0000,0x000000002c7b0000)]
  0x00000000205b6000 JavaThread "TaskBatchingWorker-target_eureka7002.com-3" daemon [_thread_blocked, id=3384, stack(0x000000002c5b0000,0x000000002c6b0000)]
  0x00000000205ae800 JavaThread "TaskBatchingWorker-target_eureka7002.com-2" daemon [_thread_blocked, id=20768, stack(0x000000002c4b0000,0x000000002c5b0000)]
  0x00000000205b5000 JavaThread "TaskBatchingWorker-target_eureka7002.com-1" daemon [_thread_blocked, id=18920, stack(0x000000002c3b0000,0x000000002c4b0000)]
  0x00000000205b3000 JavaThread "TaskBatchingWorker-target_eureka7002.com-0" daemon [_thread_blocked, id=7308, stack(0x000000002c2b0000,0x000000002c3b0000)]
  0x00000000205b4800 JavaThread "TaskAcceptor-target_eureka7002.com" daemon [_thread_blocked, id=9892, stack(0x000000002c1b0000,0x000000002c2b0000)]
  0x00000000205ad000 JavaThread "Eureka-JerseyClient-Conn-Cleaner2" daemon [_thread_blocked, id=13948, stack(0x000000002c0b0000,0x000000002c1b0000)]
  0x00000000205b3800 JavaThread "TaskNonBatchingWorker-eureka7001.com-0" daemon [_thread_blocked, id=8064, stack(0x000000002bfb0000,0x000000002c0b0000)]
  0x00000000205b2000 JavaThread "TaskAcceptor-eureka7001.com" daemon [_thread_blocked, id=6980, stack(0x000000002beb0000,0x000000002bfb0000)]
  0x00000000205b0000 JavaThread "TaskBatchingWorker-target_eureka7001.com-19" daemon [_thread_blocked, id=13064, stack(0x000000002bdb0000,0x000000002beb0000)]
  0x00000000205ad800 JavaThread "TaskBatchingWorker-target_eureka7001.com-18" daemon [_thread_blocked, id=18628, stack(0x000000002bcb0000,0x000000002bdb0000)]
  0x00000000205b1800 JavaThread "TaskBatchingWorker-target_eureka7001.com-17" daemon [_thread_blocked, id=18996, stack(0x000000002bbb0000,0x000000002bcb0000)]
  0x0000000022ac4000 JavaThread "TaskBatchingWorker-target_eureka7001.com-16" daemon [_thread_blocked, id=14360, stack(0x000000002bab0000,0x000000002bbb0000)]
  0x0000000022ac3800 JavaThread "TaskBatchingWorker-target_eureka7001.com-15" daemon [_thread_blocked, id=17240, stack(0x000000002b9b0000,0x000000002bab0000)]
  0x0000000022ac5000 JavaThread "TaskBatchingWorker-target_eureka7001.com-14" daemon [_thread_blocked, id=13604, stack(0x000000002b8b0000,0x000000002b9b0000)]
  0x0000000022ac7000 JavaThread "TaskBatchingWorker-target_eureka7001.com-13" daemon [_thread_blocked, id=2824, stack(0x000000002b7b0000,0x000000002b8b0000)]
  0x0000000022ac6800 JavaThread "TaskBatchingWorker-target_eureka7001.com-12" daemon [_thread_blocked, id=18788, stack(0x000000002b6b0000,0x000000002b7b0000)]
  0x0000000022ac5800 JavaThread "TaskBatchingWorker-target_eureka7001.com-11" daemon [_thread_blocked, id=15584, stack(0x000000002b5b0000,0x000000002b6b0000)]
  0x0000000022abc000 JavaThread "TaskBatchingWorker-target_eureka7001.com-10" daemon [_thread_blocked, id=18540, stack(0x000000002b4b0000,0x000000002b5b0000)]
  0x0000000022ac2800 JavaThread "TaskBatchingWorker-target_eureka7001.com-9" daemon [_thread_blocked, id=19548, stack(0x000000002b3b0000,0x000000002b4b0000)]
  0x0000000022ac2000 JavaThread "TaskBatchingWorker-target_eureka7001.com-8" daemon [_thread_blocked, id=6000, stack(0x000000002b2b0000,0x000000002b3b0000)]
  0x0000000022ac1000 JavaThread "TaskBatchingWorker-target_eureka7001.com-7" daemon [_thread_blocked, id=3964, stack(0x000000002b1b0000,0x000000002b2b0000)]
  0x0000000022ac0800 JavaThread "TaskBatchingWorker-target_eureka7001.com-6" daemon [_thread_blocked, id=4944, stack(0x000000002b0b0000,0x000000002b1b0000)]
  0x0000000022ab9000 JavaThread "TaskBatchingWorker-target_eureka7001.com-5" daemon [_thread_blocked, id=13164, stack(0x000000002afb0000,0x000000002b0b0000)]
  0x0000000022aba800 JavaThread "TaskBatchingWorker-target_eureka7001.com-4" daemon [_thread_blocked, id=1192, stack(0x000000002aeb0000,0x000000002afb0000)]
  0x0000000022abf800 JavaThread "TaskBatchingWorker-target_eureka7001.com-3" daemon [_thread_blocked, id=21368, stack(0x000000002adb0000,0x000000002aeb0000)]
  0x0000000022abd800 JavaThread "TaskBatchingWorker-target_eureka7001.com-2" daemon [_thread_blocked, id=21076, stack(0x000000002acb0000,0x000000002adb0000)]
  0x0000000022ab8000 JavaThread "TaskBatchingWorker-target_eureka7001.com-1" daemon [_thread_blocked, id=10692, stack(0x000000002abb0000,0x000000002acb0000)]
  0x0000000022abf000 JavaThread "TaskBatchingWorker-target_eureka7001.com-0" daemon [_thread_blocked, id=2784, stack(0x000000002aab0000,0x000000002abb0000)]
  0x0000000022ab9800 JavaThread "StatsMonitor-0" daemon [_thread_blocked, id=20564, stack(0x00000000291b0000,0x00000000292b0000)]
  0x0000000022abb000 JavaThread "TaskAcceptor-target_eureka7001.com" daemon [_thread_blocked, id=9916, stack(0x00000000290b0000,0x00000000291b0000)]
  0x0000000022abc800 JavaThread "Eureka-JerseyClient-Conn-Cleaner2" daemon [_thread_blocked, id=1016, stack(0x0000000028fb0000,0x00000000290b0000)]
  0x0000000022abe000 JavaThread "Eureka-MeasureRateTimer" daemon [_thread_blocked, id=20740, stack(0x0000000028eb0000,0x0000000028fb0000)]
  0x000000001f676000 JavaThread "ReplicaAwareInstanceRegistry - RenewalThresholdUpdater" daemon [_thread_blocked, id=12096, stack(0x0000000028db0000,0x0000000028eb0000)]
  0x000000001f675800 JavaThread "Eureka-MeasureRateTimer" daemon [_thread_blocked, id=1100, stack(0x0000000028cb0000,0x0000000028db0000)]
  0x000000001f674800 JavaThread "Eureka-EvictionTimer" daemon [_thread_blocked, id=18532, stack(0x0000000028bb0000,0x0000000028cb0000)]
  0x000000001f66f000 JavaThread "Eureka-DeltaRetentionTimer" daemon [_thread_blocked, id=18136, stack(0x0000000028840000,0x0000000028940000)]
  0x000000001f674000 JavaThread "File Watcher" daemon [_thread_blocked, id=12176, stack(0x0000000026fa0000,0x00000000270a0000)]
  0x000000001f673000 JavaThread "spring.cloud.inetutils" daemon [_thread_blocked, id=18664, stack(0x0000000026ea0000,0x0000000026fa0000)]
  0x000000001f672000 JavaThread "container-0" [_thread_blocked, id=8492, stack(0x0000000025910000,0x0000000025a10000)]
  0x000000001f670000 JavaThread "ContainerBackgroundProcessor[StandardEngine[Tomcat]]" daemon [_thread_blocked, id=13116, stack(0x00000000247c0000,0x00000000248c0000)]
  0x000000001d520800 JavaThread "Service Thread" daemon [_thread_blocked, id=2252, stack(0x000000001e310000,0x000000001e410000)]
  0x000000001d4d8800 JavaThread "C1 CompilerThread2" daemon [_thread_blocked, id=10072, stack(0x000000001e210000,0x000000001e310000)]
=>0x000000001c0fe000 JavaThread "C2 CompilerThread1" daemon [_thread_in_native, id=5940, stack(0x000000001e110000,0x000000001e210000)]
  0x000000001c0ed800 JavaThread "C2 CompilerThread0" daemon [_thread_blocked, id=14704, stack(0x000000001e010000,0x000000001e110000)]
  0x000000001c0e1800 JavaThread "JDWP Command Reader" daemon [_thread_in_native, id=5532, stack(0x000000001df10000,0x000000001e010000)]
  0x000000001c0e0000 JavaThread "JDWP Event Helper Thread" daemon [_thread_blocked, id=116, stack(0x000000001de10000,0x000000001df10000)]
  0x000000001c0db000 JavaThread "JDWP Transport Listener: dt_socket" daemon [_thread_blocked, id=812, stack(0x000000001dd10000,0x000000001de10000)]
  0x000000001d493800 JavaThread "Attach Listener" daemon [_thread_blocked, id=10056, stack(0x000000001d950000,0x000000001da50000)]
  0x000000001c09e800 JavaThread "Signal Dispatcher" daemon [_thread_blocked, id=13192, stack(0x000000001d850000,0x000000001d950000)]
  0x0000000002afc000 JavaThread "Finalizer" daemon [_thread_blocked, id=9192, stack(0x000000001d2f0000,0x000000001d3f0000)]
  0x0000000002af3000 JavaThread "Reference Handler" daemon [_thread_blocked, id=19448, stack(0x000000001d1f0000,0x000000001d2f0000)]

Other Threads:
  0x000000001c068000 VMThread [stack: 0x000000001d0f0000,0x000000001d1f0000] [id=10244]
  0x000000001d54c800 WatcherThread [stack: 0x000000001e410000,0x000000001e510000] [id=12276]

VM state:not at safepoint (normal execution)

VM Mutex/Monitor currently owned by a thread: None

Heap:
 PSYoungGen      total 426496K, used 321117K [0x000000076b580000, 0x0000000790180000, 0x00000007c0000000)
  eden space 409600K, 74% used [0x000000076b580000,0x000000077de97fd0,0x0000000784580000)
  from space 16896K, 99% used [0x0000000784580000,0x00000007855ff588,0x0000000785600000)
  to   space 20992K, 0% used [0x000000078ed00000,0x000000078ed00000,0x0000000790180000)
 ParOldGen       total 135168K, used 33956K [0x00000006c2000000, 0x00000006ca400000, 0x000000076b580000)
  object space 135168K, 25% used [0x00000006c2000000,0x00000006c4129288,0x00000006ca400000)
 Metaspace       used 51822K, capacity 52540K, committed 52864K, reserved 1095680K
  class space    used 6588K, capacity 6777K, committed 6784K, reserved 1048576K

Card table byte_map: [0x0000000011ec0000,0x00000000126c0000] byte_map_base: 0x000000000e8b0000

Marking Bits: (ParMarkBitMap*) 0x00000000656fa5b0
 Begin Bits: [0x0000000013010000, 0x0000000016f90000)
 End Bits:   [0x0000000016f90000, 0x000000001af10000)

Polling page: 0x0000000002410000

CodeCache: size=245760Kb used=21253Kb max_used=21265Kb free=224506Kb
 bounds [0x0000000002b00000, 0x0000000003fe0000, 0x0000000011b00000]
 total_blobs=5747 nmethods=5273 adapters=394
 compilation: enabled

Compilation events (10 events):
Event: 700.229 Thread 0x000000001d4d8800 nmethod 6483 0x0000000003fd97d0 code [0x0000000003fd9920, 0x0000000003fd9a90]
Event: 700.585 Thread 0x000000001d4d8800 6484       3       java.util.concurrent.TimeUnit$1::toNanos (2 bytes)
Event: 700.585 Thread 0x000000001d4d8800 nmethod 6484 0x0000000003fd9b10 code [0x0000000003fd9c60, 0x0000000003fd9db0]
Event: 702.382 Thread 0x000000001d4d8800 6485       3       java.util.GregorianCalendar::computeFields (81 bytes)
Event: 702.384 Thread 0x000000001d4d8800 nmethod 6485 0x0000000003fd9e10 code [0x0000000003fd9fc0, 0x0000000003fda578]
Event: 702.384 Thread 0x000000001d4d8800 6486       3       java.util.Calendar::isPartiallyNormalized (20 bytes)
Event: 702.384 Thread 0x000000001d4d8800 nmethod 6486 0x0000000003fda690 code [0x0000000003fda7e0, 0x0000000003fda9d0]
Event: 718.524 Thread 0x000000001c0ed800 6487       4       java.io.File::listFiles (52 bytes)
Event: 718.525 Thread 0x000000001c0fe000 6488       4       org.springframework.boot.devtools.filewatch.FolderSnapshot::collectFiles (99 bytes)
Event: 718.530 Thread 0x000000001c0ed800 nmethod 6487 0x0000000003fddc10 code [0x0000000003fddda0, 0x0000000003fde338]

GC Heap History (10 events):
Event: 18.611 GC heap before
{Heap before GC invocations=7 (full 1):
 PSYoungGen      total 140800K, used 136124K [0x000000076b580000, 0x000000077b080000, 0x00000007c0000000)
  eden space 130048K, 100% used [0x000000076b580000,0x0000000773480000,0x0000000773480000)
  from space 10752K, 56% used [0x0000000773480000,0x0000000773a6f060,0x0000000773f00000)
  to   space 9728K, 0% used [0x000000077a700000,0x000000077a700000,0x000000077b080000)
 ParOldGen       total 80384K, used 5730K [0x00000006c2000000, 0x00000006c6e80000, 0x000000076b580000)
  object space 80384K, 7% used [0x00000006c2000000,0x00000006c2598820,0x00000006c6e80000)
 Metaspace       used 25990K, capacity 26318K, committed 26624K, reserved 1073152K
  class space    used 3211K, capacity 3319K, committed 3328K, reserved 1048576K
Event: 18.777 GC heap after
Heap after GC invocations=7 (full 1):
 PSYoungGen      total 242176K, used 7181K [0x000000076b580000, 0x000000077ae80000, 0x00000007c0000000)
  eden space 234496K, 0% used [0x000000076b580000,0x000000076b580000,0x0000000779a80000)
  from space 7680K, 93% used [0x000000077a700000,0x000000077ae03740,0x000000077ae80000)
  to   space 9216K, 0% used [0x0000000779c80000,0x0000000779c80000,0x000000077a580000)
 ParOldGen       total 80384K, used 5730K [0x00000006c2000000, 0x00000006c6e80000, 0x000000076b580000)
  object space 80384K, 7% used [0x00000006c2000000,0x00000006c2598820,0x00000006c6e80000)
 Metaspace       used 25990K, capacity 26318K, committed 26624K, reserved 1073152K
  class space    used 3211K, capacity 3319K, committed 3328K, reserved 1048576K
}
Event: 28.913 GC heap before
{Heap before GC invocations=8 (full 1):
 PSYoungGen      total 242176K, used 241677K [0x000000076b580000, 0x000000077ae80000, 0x00000007c0000000)
  eden space 234496K, 100% used [0x000000076b580000,0x0000000779a80000,0x0000000779a80000)
  from space 7680K, 93% used [0x000000077a700000,0x000000077ae03740,0x000000077ae80000)
  to   space 9216K, 0% used [0x0000000779c80000,0x0000000779c80000,0x000000077a580000)
 ParOldGen       total 80384K, used 5730K [0x00000006c2000000, 0x00000006c6e80000, 0x000000076b580000)
  object space 80384K, 7% used [0x00000006c2000000,0x00000006c2598820,0x00000006c6e80000)
 Metaspace       used 33636K, capacity 34012K, committed 34176K, reserved 1079296K
  class space    used 4093K, capacity 4201K, committed 4224K, reserved 1048576K
Event: 28.941 GC heap after
Heap after GC invocations=8 (full 1):
 PSYoungGen      total 245760K, used 9193K [0x000000076b580000, 0x0000000786880000, 0x00000007c0000000)
  eden space 236544K, 0% used [0x000000076b580000,0x000000076b580000,0x0000000779c80000)
  from space 9216K, 99% used [0x0000000779c80000,0x000000077a57a4a8,0x000000077a580000)
  to   space 16896K, 0% used [0x0000000785800000,0x0000000785800000,0x0000000786880000)
 ParOldGen       total 80384K, used 19544K [0x00000006c2000000, 0x00000006c6e80000, 0x000000076b580000)
  object space 80384K, 24% used [0x00000006c2000000,0x00000006c3316378,0x00000006c6e80000)
 Metaspace       used 33636K, capacity 34012K, committed 34176K, reserved 1079296K
  class space    used 4093K, capacity 4201K, committed 4224K, reserved 1048576K
}
Event: 29.324 GC heap before
{Heap before GC invocations=9 (full 1):
 PSYoungGen      total 245760K, used 32620K [0x000000076b580000, 0x0000000786880000, 0x00000007c0000000)
  eden space 236544K, 9% used [0x000000076b580000,0x000000076cc60e50,0x0000000779c80000)
  from space 9216K, 99% used [0x0000000779c80000,0x000000077a57a4a8,0x000000077a580000)
  to   space 16896K, 0% used [0x0000000785800000,0x0000000785800000,0x0000000786880000)
 ParOldGen       total 80384K, used 19544K [0x00000006c2000000, 0x00000006c6e80000, 0x000000076b580000)
  object space 80384K, 24% used [0x00000006c2000000,0x00000006c3316378,0x00000006c6e80000)
 Metaspace       used 34833K, capacity 35196K, committed 35456K, reserved 1081344K
  class space    used 4275K, capacity 4361K, committed 4480K, reserved 1048576K
Event: 29.338 GC heap after
Heap after GC invocations=9 (full 1):
 PSYoungGen      total 424448K, used 10906K [0x000000076b580000, 0x0000000786680000, 0x00000007c0000000)
  eden space 409600K, 0% used [0x000000076b580000,0x000000076b580000,0x0000000784580000)
  from space 14848K, 73% used [0x0000000785800000,0x00000007862a6860,0x0000000786680000)
  to   space 16896K, 0% used [0x0000000784580000,0x0000000784580000,0x0000000785600000)
 ParOldGen       total 80384K, used 19552K [0x00000006c2000000, 0x00000006c6e80000, 0x000000076b580000)
  object space 80384K, 24% used [0x00000006c2000000,0x00000006c3318378,0x00000006c6e80000)
 Metaspace       used 34833K, capacity 35196K, committed 35456K, reserved 1081344K
  class space    used 4275K, capacity 4361K, committed 4480K, reserved 1048576K
}
Event: 29.338 GC heap before
{Heap before GC invocations=10 (full 2):
 PSYoungGen      total 424448K, used 10906K [0x000000076b580000, 0x0000000786680000, 0x00000007c0000000)
  eden space 409600K, 0% used [0x000000076b580000,0x000000076b580000,0x0000000784580000)
  from space 14848K, 73% used [0x0000000785800000,0x00000007862a6860,0x0000000786680000)
  to   space 16896K, 0% used [0x0000000784580000,0x0000000784580000,0x0000000785600000)
 ParOldGen       total 80384K, used 19552K [0x00000006c2000000, 0x00000006c6e80000, 0x000000076b580000)
  object space 80384K, 24% used [0x00000006c2000000,0x00000006c3318378,0x00000006c6e80000)
 Metaspace       used 34833K, capacity 35196K, committed 35456K, reserved 1081344K
  class space    used 4275K, capacity 4361K, committed 4480K, reserved 1048576K
Event: 30.154 GC heap after
Heap after GC invocations=10 (full 2):
 PSYoungGen      total 424448K, used 0K [0x000000076b580000, 0x0000000786680000, 0x00000007c0000000)
  eden space 409600K, 0% used [0x000000076b580000,0x000000076b580000,0x0000000784580000)
  from space 14848K, 0% used [0x0000000785800000,0x0000000785800000,0x0000000786680000)
  to   space 16896K, 0% used [0x0000000784580000,0x0000000784580000,0x0000000785600000)
 ParOldGen       total 135168K, used 29294K [0x00000006c2000000, 0x00000006ca400000, 0x000000076b580000)
  object space 135168K, 21% used [0x00000006c2000000,0x00000006c3c9baa8,0x00000006ca400000)
 Metaspace       used 34833K, capacity 35196K, committed 35456K, reserved 1081344K
  class space    used 4275K, capacity 4361K, committed 4480K, reserved 1048576K
}
Event: 41.203 GC heap before
{Heap before GC invocations=11 (full 2):
 PSYoungGen      total 424448K, used 409600K [0x000000076b580000, 0x0000000786680000, 0x00000007c0000000)
  eden space 409600K, 100% used [0x000000076b580000,0x0000000784580000,0x0000000784580000)
  from space 14848K, 0% used [0x0000000785800000,0x0000000785800000,0x0000000786680000)
  to   space 16896K, 0% used [0x0000000784580000,0x0000000784580000,0x0000000785600000)
 ParOldGen       total 135168K, used 29294K [0x00000006c2000000, 0x00000006ca400000, 0x000000076b580000)
  object space 135168K, 21% used [0x00000006c2000000,0x00000006c3c9baa8,0x00000006ca400000)
 Metaspace       used 46383K, capacity 46942K, committed 47360K, reserved 1091584K
  class space    used 5906K, capacity 6063K, committed 6144K, reserved 1048576K
Event: 41.231 GC heap after
Heap after GC invocations=11 (full 2):
 PSYoungGen      total 426496K, used 16893K [0x000000076b580000, 0x0000000790180000, 0x00000007c0000000)
  eden space 409600K, 0% used [0x000000076b580000,0x000000076b580000,0x0000000784580000)
  from space 16896K, 99% used [0x0000000784580000,0x00000007855ff588,0x0000000785600000)
  to   space 20992K, 0% used [0x000000078ed00000,0x000000078ed00000,0x0000000790180000)
 ParOldGen       total 135168K, used 33956K [0x00000006c2000000, 0x00000006ca400000, 0x000000076b580000)
  object space 135168K, 25% used [0x00000006c2000000,0x00000006c4129288,0x00000006ca400000)
 Metaspace       used 46383K, capacity 46942K, committed 47360K, reserved 1091584K
  class space    used 5906K, capacity 6063K, committed 6144K, reserved 1048576K
}

Deoptimization events (10 events):
Event: 134.889 Thread 0x000000001e986800 Uncommon trap: reason=unhandled action=none pc=0x00000000036f078c method=java.net.URLClassLoader.findClass(Ljava/lang/String;)Ljava/lang/Class; @ 44
Event: 134.890 Thread 0x000000001e986800 Uncommon trap: reason=unhandled action=none pc=0x00000000036f078c method=java.net.URLClassLoader.findClass(Ljava/lang/String;)Ljava/lang/Class; @ 44
Event: 134.890 Thread 0x000000001e986800 Uncommon trap: reason=unhandled action=none pc=0x00000000036f078c method=java.net.URLClassLoader.findClass(Ljava/lang/String;)Ljava/lang/Class; @ 44
Event: 134.891 Thread 0x000000001e986800 Uncommon trap: reason=unhandled action=none pc=0x00000000036f078c method=java.net.URLClassLoader.findClass(Ljava/lang/String;)Ljava/lang/Class; @ 44
Event: 134.898 Thread 0x000000001e986800 Uncommon trap: reason=unhandled action=none pc=0x00000000036f078c method=java.net.URLClassLoader.findClass(Ljava/lang/String;)Ljava/lang/Class; @ 44
Event: 134.899 Thread 0x000000001e986800 Uncommon trap: reason=class_check action=maybe_recompile pc=0x0000000003094a68 method=java.util.regex.Pattern$7.isSatisfiedBy(I)Z @ 16
Event: 134.899 Thread 0x000000001e986800 Uncommon trap: reason=class_check action=maybe_recompile pc=0x0000000003094a68 method=java.util.regex.Pattern$7.isSatisfiedBy(I)Z @ 16
Event: 134.899 Thread 0x000000001e986800 Uncommon trap: reason=bimorphic action=maybe_recompile pc=0x0000000003094ad4 method=java.util.regex.Pattern$CharProperty$1.isSatisfiedBy(I)Z @ 5
Event: 134.899 Thread 0x000000001e986800 Uncommon trap: reason=class_check action=maybe_recompile pc=0x0000000003094a68 method=java.util.regex.Pattern$7.isSatisfiedBy(I)Z @ 16
Event: 134.899 Thread 0x000000001e986800 Uncommon trap: reason=class_check action=maybe_recompile pc=0x0000000003094a68 method=java.util.regex.Pattern$7.isSatisfiedBy(I)Z @ 16

Internal exceptions (10 events):
Event: 134.804 Thread 0x000000001e980800 Exception <a 'java/lang/ClassNotFoundException': java/lang/EnumBeanInfo> (0x000000077cb81470) thrown at [C:\re\workspace\8-2-build-windows-amd64-cygwin\jdk8u66\4988\hotspot\src\share\vm\classfile\systemDictionary.cpp, line 210]
Event: 134.805 Thread 0x000000001e980800 Exception <a 'java/lang/ClassNotFoundException': java/lang/EnumCustomizer> (0x000000077cb8e7a0) thrown at [C:\re\workspace\8-2-build-windows-amd64-cygwin\jdk8u66\4988\hotspot\src\share\vm\classfile\systemDictionary.cpp, line 210]
Event: 134.805 Thread 0x000000001e980800 Exception <a 'java/lang/ArrayIndexOutOfBoundsException': 6> (0x000000077cb92070) thrown at [C:\re\workspace\8-2-build-windows-amd64-cygwin\jdk8u66\4988\hotspot\src\share\vm\interpreter\interpreterRuntime.cpp, line 366]
Event: 134.805 Thread 0x000000001e980800 Exception <a 'java/lang/ArrayIndexOutOfBoundsException': 70> (0x000000077cb94268) thrown at [C:\re\workspace\8-2-build-windows-amd64-cygwin\jdk8u66\4988\hotspot\src\share\vm\interpreter\interpreterRuntime.cpp, line 366]
Event: 134.805 Thread 0x000000001e980800 Exception <a 'java/lang/ArrayIndexOutOfBoundsException': 24> (0x000000077cb95a00) thrown at [C:\re\workspace\8-2-build-windows-amd64-cygwin\jdk8u66\4988\hotspot\src\share\vm\interpreter\interpreterRuntime.cpp, line 366]
Event: 134.806 Thread 0x000000001e980800 Exception <a 'java/lang/ClassNotFoundException': com/netflix/appinfo/InstanceInfo$InstanceStatusCustomizer> (0x000000077cbb9f68) thrown at [C:\re\workspace\8-2-build-windows-amd64-cygwin\jdk8u66\4988\hotspot\src\share\vm\classfile\systemDictionary.cpp, linýõC;ÚÙ`@
Event: 134.808 Thread 0x000000001e980800 Exception <a 'java/lang/ClassNotFoundException': com/netflix/eureka/util/StatusInfoBeanInfo> (0x000000077cbdd440) thrown at [C:\re\workspace\8-2-build-windows-amd64-cygwin\jdk8u66\4988\hotspot\src\share\vm\classfile\systemDictionary.cpp, line 210]
Event: 134.809 Thread 0x000000001e980800 Exception <a 'java/lang/ClassNotFoundException': com/netflix/eureka/util/StatusInfoCustomizer> (0x000000077cbfb0e0) thrown at [C:\re\workspace\8-2-build-windows-amd64-cygwin\jdk8u66\4988\hotspot\src\share\vm\classfile\systemDictionary.cpp, line 210]
Event: 134.809 Thread 0x000000001e980800 Exception <a 'java/lang/ArrayIndexOutOfBoundsException': 55> (0x000000077cbfe098) thrown at [C:\re\workspace\8-2-build-windows-amd64-cygwin\jdk8u66\4988\hotspot\src\share\vm\interpreter\interpreterRuntime.cpp, line 366]
Event: 134.809 Thread 0x000000001e980800 Exception <a 'java/lang/ArrayIndexOutOfBoundsException': 55> (0x000000077cc001c0) thrown at [C:\re\workspace\8-2-build-windows-amd64-cygwin\jdk8u66\4988\hotspot\src\share\vm\interpreter\interpreterRuntime.cpp, line 366]

Events (10 events):
Event: 539.694 Thread 0x000000001d4d8800 flushing nmethod 0x00000000034e2510
Event: 539.694 Thread 0x000000001d4d8800 flushing nmethod 0x00000000034e2b10
Event: 539.694 Thread 0x000000001d4d8800 flushing nmethod 0x000000000359e190
Event: 539.703 Thread 0x000000001c0fe000 flushing nmethod 0x000000000362f410
Event: 539.708 Thread 0x000000001c0fe000 flushing nmethod 0x00000000039bbbd0
Event: 540.745 Thread 0x000000001d4d8800 flushing nmethod 0x0000000003ae5f50
Event: 540.745 Thread 0x000000001d4d8800 flushing nmethod 0x0000000003b78650
Event: 540.745 Thread 0x000000001d4d8800 flushing nmethod 0x0000000003be3a90
Event: 540.746 Thread 0x000000001d4d8800 flushing nmethod 0x0000000003d0f3d0
Event: 541.711 Thread 0x000000001d4d8800 flushing nmethod 0x0000000003e2d090


Dynamic libraries:
0x00007ff7572e0000 - 0x00007ff757317000 	C:\myprograms\jdk\jdk1.8.0_66\bin\javaw.exe
0x00007fffff830000 - 0x00007fffffa11000 	C:\WINDOWS\SYSTEM32\ntdll.dll
0x00007ffffed10000 - 0x00007ffffedc2000 	C:\WINDOWS\System32\KERNEL32.DLL
0x00007ffffbe40000 - 0x00007ffffc0b3000 	C:\WINDOWS\System32\KERNELBASE.dll
0x00007ffffcfa0000 - 0x00007ffffd041000 	C:\WINDOWS\System32\ADVAPI32.dll
0x00007ffffcec0000 - 0x00007ffffcf5e000 	C:\WINDOWS\System32\msvcrt.dll
0x00007ffffef20000 - 0x00007ffffef7b000 	C:\WINDOWS\System32\sechost.dll
0x00007ffffcd60000 - 0x00007ffffce84000 	C:\WINDOWS\System32\RPCRT4.dll
0x00007ffffe650000 - 0x00007ffffe7e0000 	C:\WINDOWS\System32\USER32.dll
0x00007ffffc0c0000 - 0x00007ffffc0e0000 	C:\WINDOWS\System32\win32u.dll
0x00007ffffce90000 - 0x00007ffffceb8000 	C:\WINDOWS\System32\GDI32.dll
0x00007ffffc0e0000 - 0x00007ffffc272000 	C:\WINDOWS\System32\gdi32full.dll
0x00007ffffc280000 - 0x00007ffffc31f000 	C:\WINDOWS\System32\msvcp_win.dll
0x00007ffffc430000 - 0x00007ffffc52a000 	C:\WINDOWS\System32\ucrtbase.dll
0x00007fffed260000 - 0x00007fffed4c9000 	C:\WINDOWS\WinSxS\amd64_microsoft.windows.common-controls_6595b64144ccf1df_6.0.17134.407_none_fb449d63306391e9\COMCTL32.dll
0x00007ffffe9e0000 - 0x00007ffffed02000 	C:\WINDOWS\System32\combase.dll
0x00007ffffc530000 - 0x00007ffffc5aa000 	C:\WINDOWS\System32\bcryptPrimitives.dll
0x00007ffffcf60000 - 0x00007ffffcf8d000 	C:\WINDOWS\System32\IMM32.DLL
0x00000000669b0000 - 0x0000000066a82000 	C:\myprograms\jdk\jdk1.8.0_66\jre\bin\msvcr100.dll
0x0000000064ef0000 - 0x0000000065779000 	C:\myprograms\jdk\jdk1.8.0_66\jre\bin\server\jvm.dll
0x00007ffffcf90000 - 0x00007ffffcf98000 	C:\WINDOWS\System32\PSAPI.DLL
0x00007fffe78e0000 - 0x00007fffe78e9000 	C:\WINDOWS\SYSTEM32\WSOCK32.dll
0x00007ffffee90000 - 0x00007ffffeefc000 	C:\WINDOWS\System32\WS2_32.dll
0x00007ffff9d10000 - 0x00007ffff9d33000 	C:\WINDOWS\SYSTEM32\WINMM.dll
0x00007ffff0390000 - 0x00007ffff039a000 	C:\WINDOWS\SYSTEM32\VERSION.dll
0x00007ffff9cb0000 - 0x00007ffff9cda000 	C:\WINDOWS\SYSTEM32\WINMMBASE.dll
0x00007ffffbdf0000 - 0x00007ffffbe39000 	C:\WINDOWS\System32\cfgmgr32.dll
0x00000000669a0000 - 0x00000000669af000 	C:\myprograms\jdk\jdk1.8.0_66\jre\bin\verify.dll
0x0000000066970000 - 0x0000000066999000 	C:\myprograms\jdk\jdk1.8.0_66\jre\bin\java.dll
0x00000000668c0000 - 0x00000000668f5000 	C:\myprograms\jdk\jdk1.8.0_66\jre\bin\jdwp.dll
0x00000000668b0000 - 0x00000000668b8000 	C:\myprograms\jdk\jdk1.8.0_66\jre\bin\npt.dll
0x0000000066950000 - 0x0000000066966000 	C:\myprograms\jdk\jdk1.8.0_66\jre\bin\zip.dll
0x00007ffffd210000 - 0x00007ffffe64f000 	C:\WINDOWS\System32\SHELL32.dll
0x00007ffffedd0000 - 0x00007ffffee79000 	C:\WINDOWS\System32\shcore.dll
0x00007ffffc5b0000 - 0x00007ffffccbd000 	C:\WINDOWS\System32\windows.storage.dll
0x00007ffffd050000 - 0x00007ffffd0a1000 	C:\WINDOWS\System32\shlwapi.dll
0x00007ffffbbc0000 - 0x00007ffffbbd1000 	C:\WINDOWS\System32\kernel.appcore.dll
0x00007ffffbbe0000 - 0x00007ffffbbff000 	C:\WINDOWS\System32\profapi.dll
0x00007ffffbb70000 - 0x00007ffffbbbc000 	C:\WINDOWS\System32\powrprof.dll
0x00007ffffbb40000 - 0x00007ffffbb4a000 	C:\WINDOWS\System32\FLTLIB.DLL
0x00000000668a0000 - 0x00000000668a9000 	C:\myprograms\jdk\jdk1.8.0_66\jre\bin\dt_socket.dll
0x00007fffeb4d0000 - 0x00007fffeb4ff000 	C:\Program Files (x86)\Sangfor\SSL\ClientComponent\SangforNspX64.dll
0x00007ffffd0b0000 - 0x00007ffffd201000 	C:\WINDOWS\System32\ole32.dll
0x00007ffffefe0000 - 0x00007fffff0a2000 	C:\WINDOWS\System32\OLEAUT32.dll
0x00007fffe3cd0000 - 0x00007fffe3ce6000 	C:\WINDOWS\system32\napinsp.dll
0x00007fffe3cb0000 - 0x00007fffe3cca000 	C:\WINDOWS\system32\pnrpnsp.dll
0x00007ffff83f0000 - 0x00007ffff8409000 	C:\WINDOWS\system32\NLAapi.dll
0x00007ffffb360000 - 0x00007ffffb3c6000 	C:\WINDOWS\System32\mswsock.dll
0x00007ffffb120000 - 0x00007ffffb1de000 	C:\WINDOWS\SYSTEM32\DNSAPI.dll
0x00007ffffee80000 - 0x00007ffffee88000 	C:\WINDOWS\System32\NSI.dll
0x00007ffffb0e0000 - 0x00007ffffb118000 	C:\WINDOWS\SYSTEM32\IPHLPAPI.DLL
0x00007fffe3680000 - 0x00007fffe368e000 	C:\WINDOWS\System32\winrnr.dll
0x00007fffeff00000 - 0x00007ffff007a000 	C:\Program Files (x86)\Sangfor\SSL\ClientComponent3\SangforTcpX64.dll
0x00007ffffc3d0000 - 0x00007ffffc427000 	C:\WINDOWS\System32\WINTRUST.dll
0x00007ffffbb50000 - 0x00007ffffbb62000 	C:\WINDOWS\System32\MSASN1.dll
0x00007ffffbc00000 - 0x00007ffffbde2000 	C:\WINDOWS\System32\CRYPT32.dll
0x00007ffff3a80000 - 0x00007ffff3af2000 	C:\WINDOWS\System32\fwpuclnt.dll
0x00007ffffb6a0000 - 0x00007ffffb6c5000 	C:\WINDOWS\SYSTEM32\bcrypt.dll
0x00007ffff6300000 - 0x00007ffff630a000 	C:\Windows\System32\rasadhlp.dll
0x0000000066930000 - 0x000000006694a000 	C:\myprograms\jdk\jdk1.8.0_66\jre\bin\net.dll
0x00007ffff6520000 - 0x00007ffff6536000 	C:\WINDOWS\SYSTEM32\dhcpcsvc6.DLL
0x00007ffff6500000 - 0x00007ffff651a000 	C:\WINDOWS\SYSTEM32\dhcpcsvc.DLL
0x0000000066920000 - 0x000000006692d000 	C:\myprograms\jdk\jdk1.8.0_66\jre\bin\management.dll
0x0000000066900000 - 0x0000000066911000 	C:\myprograms\jdk\jdk1.8.0_66\jre\bin\nio.dll
0x00007ffffb510000 - 0x00007ffffb527000 	C:\WINDOWS\SYSTEM32\CRYPTSP.dll
0x00007ffffaf40000 - 0x00007ffffaf73000 	C:\WINDOWS\system32\rsaenh.dll
0x00007ffffba40000 - 0x00007ffffba68000 	C:\WINDOWS\SYSTEM32\USERENV.dll
0x00007ffffb530000 - 0x00007ffffb53b000 	C:\WINDOWS\SYSTEM32\CRYPTBASE.dll
0x0000000066870000 - 0x0000000066894000 	C:\myprograms\jdk\jdk1.8.0_66\jre\bin\sunec.dll

VM Arguments:
jvm_args: -agentlib:jdwp=transport=dt_socket,suspend=y,address=localhost:58036 -Dfile.encoding=UTF-8 
java_command: com.yejinhui.springcloud.EurekaServer7003_App
java_class_path (initial): G:\study-workspace\atguigu\springcloud\microservicecloud\microservicecloud-eureka-7003\target\classes;C:\Users\admin\.m2\repository\org\springframework\cloud\spring-cloud-starter-eureka-server\1.3.1.RELEASE\spring-cloud-starter-eureka-server-1.3.1.RELEASE.jar;C:\Users\admin\.m2\repository\org\springframework\cloud\spring-cloud-starter\1.2.2.RELEASE\spring-cloud-starter-1.2.2.RELEASE.jar;C:\Users\admin\.m2\repository\org\springframework\boot\spring-boot-starter\1.5.9.RELEASE\spring-boot-starter-1.5.9.RELEASE.jar;C:\Users\admin\.m2\repository\org\springframework\boot\spring-boot-starter-logging\1.5.9.RELEASE\spring-boot-starter-logging-1.5.9.RELEASE.jar;C:\Users\admin\.m2\repository\ch\qos\logback\logback-classic\1.1.11\logback-classic-1.1.11.jar;C:\Users\admin\.m2\repository\ch\qos\logback\logback-core\1.2.3\logback-core-1.2.3.jar;C:\Users\admin\.m2\repository\org\slf4j\jcl-over-slf4j\1.7.25\jcl-over-slf4j-1.7.25.jar;C:\Users\admin\.m2\repository\org\slf4j\jul-to-slf4j\1.7.25\jul-to-slf4j-1.7.25.jar;C:\Users\admin\.m2\repository\org\slf4j\log4j-over-slf4j\1.7.25\log4j-over-slf4j-1.7.25.jar;C:\Users\admin\.m2\repository\org\yaml\snakeyaml\1.17\snakeyaml-1.17.jar;C:\Users\admin\.m2\repository\org\springframework\cloud\spring-cloud-context\1.2.2.RELEASE\spring-cloud-context-1.2.2.RELEASE.jar;C:\Users\admin\.m2\repository\org\springframework\security\spring-security-crypto\4.2.3.RELEASE\spring-security-crypto-4.2.3.RELEASE.jar;C:\Users\admin\.m2\repository\org\springframework\cloud\spring-cloud-commons\1.2.2.RELEASE\spring-cloud-commons-1.2.2.RELEASE.jar;C:\Users\admin\.m2\repository\org\springframework\security\spring-security-rsa\1.0.3.RELEASE\spring-security-rsa-1.0.3.RELEASE.jar;C:\Users\admin\.m2\repository\org\bouncycastle\bcpkix-jdk15on\1.55\bcpkix-jdk15on-1.55.jar;C:\Users\admin\.m2\repository\org\bouncycastle\bcprov-jdk15on\1.55\bcprov-jdk15on-1.55.jar;C:\Users\admin\.m2\repository\org\springframework\cloud\spring-cloud-netflix-eurek
Launcher Type: SUN_STANDARD

Environment Variables:
JAVA_HOME=C:\Program Files\Java\jdk1.7.0_45
PATH=C:\myprograms\jdk\jdk1.8.0_66\jre\bin;C:\WINDOWS\system32;C:\WINDOWS;C:\WINDOWS\System32\Wbem;C:\WINDOWS\System32\WindowsPowerShell\v1.0\;D:\iflytek\software\apache-maven-3.3.9\bin;C:\Program Files\Java\jdk1.7.0_45\bin;C:\Program Files\Java\jdk1.7.0_45\jre\bin;C:\Program Files\TortoiseSVN\bin;C:\Program Files (x86)\Notepad++;C:\myprograms\hadoop-2.7.2\bin;C:\myprograms\hadoop-2.7.2\sbin;D:\win-server\node-v8.11.1-win-x64;C:\Program Files\MongoDB\Server\3.2\bin;C:\WINDOWS\System32\OpenSSH\;C:\myprograms\Git\cmd;C:\Users\admin\AppData\Local\Microsoft\WindowsApps;;C:\Users\admin\AppData\Local\Programs\Fiddler;%USERPROFILE%\AppData\Local\Microsoft\WindowsApps
USERNAME=admin
OS=Windows_NT
PROCESSOR_IDENTIFIER=Intel64 Family 6 Model 60 Stepping 3, GenuineIntel



---------------  S Y S T E M  ---------------

OS: Windows 10.0 , 64 bit Build 17134 (10.0.17134.1)

CPU:total 4 (4 cores per cpu, 1 threads per core) family 6 model 60 stepping 3, cmov, cx8, fxsr, mmx, sse, sse2, sse3, ssse3, sse4.1, sse4.2, popcnt, avx, avx2, aes, clmul, erms, lzcnt, tsc, tscinvbit, bmi1, bmi2

Memory: 4k page, physical 16645188k(4624560k free), swap 16645188k(5544k free)

vm_info: Java HotSpot(TM) 64-Bit Server VM (25.66-b17) for windows-amd64 JRE (1.8.0_66-b17), built on Oct  6 2015 18:55:33 by "java_re" with MS VC++ 10.0 (VS2010)

time: Fri Nov 16 17:31:43 2018
elapsed time: 718 seconds (0d 0h 11m 58s)

